<?xml version="1.0" encoding="UTF-8"?>
<testsuite xmlns:xsi="http://www.w3.org/2001/XMLSchema-instance" xsi:schemaLocation="https://maven.apache.org/surefire/maven-surefire-plugin/xsd/surefire-test-report.xsd" name="com.rest.jersey.client.EmployeeClientTest" time="10.142" tests="4" errors="4" skipped="0" failures="0">
  <properties>
    <property name="java.runtime.name" value="Java(TM) SE Runtime Environment"/>
    <property name="sun.boot.library.path" value="C:\Users\M1055291\Softwares\jdk1.8.0_152\jre\bin"/>
    <property name="java.vm.version" value="25.152-b16"/>
    <property name="java.vm.vendor" value="Oracle Corporation"/>
    <property name="maven.multiModuleProjectDirectory" value="C:\Users\M1055291\Downloads\RESTfulWithJersey\RESTfulWithJersey"/>
    <property name="java.vendor.url" value="http://java.oracle.com/"/>
    <property name="path.separator" value=";"/>
    <property name="guice.disable.misplaced.annotation.check" value="true"/>
    <property name="java.vm.name" value="Java HotSpot(TM) 64-Bit Server VM"/>
    <property name="file.encoding.pkg" value="sun.io"/>
    <property name="user.script" value=""/>
    <property name="user.country" value="US"/>
    <property name="sun.java.launcher" value="SUN_STANDARD"/>
    <property name="sun.os.patch.level" value=""/>
    <property name="java.vm.specification.name" value="Java Virtual Machine Specification"/>
    <property name="user.dir" value="C:\Users\M1055291\Downloads\RESTfulWithJersey\RESTfulWithJersey"/>
    <property name="java.runtime.version" value="1.8.0_152-b16"/>
    <property name="java.awt.graphicsenv" value="sun.awt.Win32GraphicsEnvironment"/>
    <property name="java.endorsed.dirs" value="C:\Users\M1055291\Softwares\jdk1.8.0_152\jre\lib\endorsed"/>
    <property name="os.arch" value="amd64"/>
    <property name="java.io.tmpdir" value="C:\Users\M1055291\AppData\Local\Temp\"/>
    <property name="line.separator" value="&#10;"/>
    <property name="java.vm.specification.vendor" value="Oracle Corporation"/>
    <property name="user.variant" value=""/>
    <property name="os.name" value="Windows 10"/>
    <property name="classworlds.conf" value="C:\Users\M1055291\eclipse-workspace\.metadata\.plugins\org.eclipse.m2e.launching\launches\m2conf419355578259549607.tmp"/>
    <property name="sun.jnu.encoding" value="Cp1252"/>
    <property name="java.library.path" value="C:\Users\M1055291\Softwares\jdk1.8.0_152\bin;C:\WINDOWS\Sun\Java\bin;C:\WINDOWS\system32;C:\WINDOWS;C:/Users/M1055291/Softwares/jdk1.8.0_152/bin/../jre/bin/server;C:/Users/M1055291/Softwares/jdk1.8.0_152/bin/../jre/bin;C:/Users/M1055291/Softwares/jdk1.8.0_152/bin/../jre/lib/amd64;C:\Program Files\Java\jdk1.7.0_79\bin;C:\Users\M1055291\Softwares\jdk1.8.0_152\bin;C:\Users\M1055291\AppData\Local\Microsoft\WindowsApps;;C:\Users\M1055291\eclipse\jee-2018-12\eclipse;;."/>
    <property name="java.specification.name" value="Java Platform API Specification"/>
    <property name="java.class.version" value="52.0"/>
    <property name="sun.management.compiler" value="HotSpot 64-Bit Tiered Compilers"/>
    <property name="os.version" value="10.0"/>
    <property name="user.home" value="C:\Users\M1055291"/>
    <property name="user.timezone" value="Asia/Calcutta"/>
    <property name="java.awt.printerjob" value="sun.awt.windows.WPrinterJob"/>
    <property name="java.specification.version" value="1.8"/>
    <property name="file.encoding" value="Cp1252"/>
    <property name="user.name" value="M1055291"/>
    <property name="java.class.path" value="C:\Users\M1055291\.p2\pool\plugins\org.eclipse.m2e.maven.runtime_1.10.0.20181127-2120\jars\plexus-classworlds-2.5.2.jar"/>
    <property name="java.vm.specification.version" value="1.8"/>
    <property name="sun.arch.data.model" value="64"/>
    <property name="java.home" value="C:\Users\M1055291\Softwares\jdk1.8.0_152\jre"/>
    <property name="sun.java.command" value="org.codehaus.plexus.classworlds.launcher.Launcher -B install"/>
    <property name="java.specification.vendor" value="Oracle Corporation"/>
    <property name="user.language" value="en"/>
    <property name="awt.toolkit" value="sun.awt.windows.WToolkit"/>
    <property name="java.vm.info" value="mixed mode"/>
    <property name="java.version" value="1.8.0_152"/>
    <property name="java.ext.dirs" value="C:\Users\M1055291\Softwares\jdk1.8.0_152\jre\lib\ext;C:\WINDOWS\Sun\Java\lib\ext"/>
    <property name="sun.boot.class.path" value="C:\Users\M1055291\Softwares\jdk1.8.0_152\jre\lib\resources.jar;C:\Users\M1055291\Softwares\jdk1.8.0_152\jre\lib\rt.jar;C:\Users\M1055291\Softwares\jdk1.8.0_152\jre\lib\sunrsasign.jar;C:\Users\M1055291\Softwares\jdk1.8.0_152\jre\lib\jsse.jar;C:\Users\M1055291\Softwares\jdk1.8.0_152\jre\lib\jce.jar;C:\Users\M1055291\Softwares\jdk1.8.0_152\jre\lib\charsets.jar;C:\Users\M1055291\Softwares\jdk1.8.0_152\jre\lib\jfr.jar;C:\Users\M1055291\Softwares\jdk1.8.0_152\jre\classes"/>
    <property name="java.vendor" value="Oracle Corporation"/>
    <property name="maven.home" value="C:\Users\M1055291\Downloads\RESTfulWithJersey\RESTfulWithJersey\EMBEDDED"/>
    <property name="file.separator" value="\"/>
    <property name="java.vendor.url.bug" value="http://bugreport.sun.com/bugreport/"/>
    <property name="sun.cpu.endian" value="little"/>
    <property name="sun.io.unicode.encoding" value="UnicodeLittle"/>
    <property name="sun.desktop" value="windows"/>
    <property name="sun.cpu.isalist" value="amd64"/>
  </properties>
  <testcase name="testAdd" classname="com.rest.jersey.client.EmployeeClientTest" time="3.753">
    <error message="java.net.ConnectException: Connection refused: connect" type="javax.ws.rs.ProcessingException">javax.ws.rs.ProcessingException: java.net.ConnectException: Connection refused: connect
	at com.rest.jersey.client.EmployeeClientTest.testAdd(EmployeeClientTest.java:46)
Caused by: java.net.ConnectException: Connection refused: connect
	at com.rest.jersey.client.EmployeeClientTest.testAdd(EmployeeClientTest.java:46)
</error>
  </testcase>
  <testcase name="getEmp" classname="com.rest.jersey.client.EmployeeClientTest" time="2.072">
    <error message="java.net.ConnectException: Connection refused: connect" type="javax.ws.rs.ProcessingException">javax.ws.rs.ProcessingException: java.net.ConnectException: Connection refused: connect
	at com.rest.jersey.client.EmployeeClientTest.getEmp(EmployeeClientTest.java:15)
Caused by: java.net.ConnectException: Connection refused: connect
	at com.rest.jersey.client.EmployeeClientTest.getEmp(EmployeeClientTest.java:15)
</error>
  </testcase>
  <testcase name="getAllEmp" classname="com.rest.jersey.client.EmployeeClientTest" time="2.064">
    <error message="java.net.ConnectException: Connection refused: connect" type="javax.ws.rs.ProcessingException">javax.ws.rs.ProcessingException: java.net.ConnectException: Connection refused: connect
	at com.rest.jersey.client.EmployeeClientTest.getAllEmp(EmployeeClientTest.java:22)
Caused by: java.net.ConnectException: Connection refused: connect
	at com.rest.jersey.client.EmployeeClientTest.getAllEmp(EmployeeClientTest.java:22)
</error>
  </testcase>
  <testcase name="testDelete" classname="com.rest.jersey.client.EmployeeClientTest" time="2.073">
    <error message="java.net.ConnectException: Connection refused: connect" type="javax.ws.rs.ProcessingException">javax.ws.rs.ProcessingException: java.net.ConnectException: Connection refused: connect
	at com.rest.jersey.client.EmployeeClientTest.testDelete(EmployeeClientTest.java:30)
Caused by: java.net.ConnectException: Connection refused: connect
	at com.rest.jersey.client.EmployeeClientTest.testDelete(EmployeeClientTest.java:30)
</error>
  </testcase>
</testsuite>